-------------------------------------------------------------------------------
Test set: com.personalweb.website.PersonalwebApplicationTests
-------------------------------------------------------------------------------
Tests run: 5, Failures: 0, Errors: 4, Skipped: 0, Time elapsed: 6.091 sec <<< FAILURE! - in com.personalweb.website.PersonalwebApplicationTests
loginWithWrongUser(com.personalweb.website.PersonalwebApplicationTests)  Time elapsed: 0.748 sec  <<< ERROR!
org.springframework.jdbc.UncategorizedSQLException: PreparedStatementCallback; uncategorized SQLException for SQL [SELECT * FROM WEB.USER WHERE EMAIL = ? AND PASSWORD = ?]; SQL state [90079]; error code [90079]; Schema "WEB" not found; SQL statement:
SELECT * FROM WEB.USER WHERE EMAIL = ? AND PASSWORD = ? [90079-193]; nested exception is org.h2.jdbc.JdbcSQLException: Schema "WEB" not found; SQL statement:
SELECT * FROM WEB.USER WHERE EMAIL = ? AND PASSWORD = ? [90079-193]
	at org.h2.message.DbException.getJdbcSQLException(DbException.java:345)
	at org.h2.message.DbException.get(DbException.java:179)
	at org.h2.message.DbException.get(DbException.java:155)
	at org.h2.command.Parser.getSchema(Parser.java:679)
	at org.h2.command.Parser.getSchema(Parser.java:685)
	at org.h2.command.Parser.readTableFilter(Parser.java:1215)
	at org.h2.command.Parser.parseSelectSimpleFromPart(Parser.java:1897)
	at org.h2.command.Parser.parseSelectSimple(Parser.java:2045)
	at org.h2.command.Parser.parseSelectSub(Parser.java:1891)
	at org.h2.command.Parser.parseSelectUnion(Parser.java:1709)
	at org.h2.command.Parser.parseSelect(Parser.java:1697)
	at org.h2.command.Parser.parsePrepared(Parser.java:445)
	at org.h2.command.Parser.parse(Parser.java:317)
	at org.h2.command.Parser.parse(Parser.java:289)
	at org.h2.command.Parser.prepareCommand(Parser.java:254)
	at org.h2.engine.Session.prepareLocal(Session.java:561)
	at org.h2.engine.Session.prepareCommand(Session.java:502)
	at org.h2.jdbc.JdbcConnection.prepareCommand(JdbcConnection.java:1203)
	at org.h2.jdbc.JdbcPreparedStatement.<init>(JdbcPreparedStatement.java:73)
	at org.h2.jdbc.JdbcConnection.prepareStatement(JdbcConnection.java:287)
	at org.springframework.jdbc.core.JdbcTemplate$SimplePreparedStatementCreator.createPreparedStatement(JdbcTemplate.java:1521)
	at org.springframework.jdbc.core.JdbcTemplate.execute(JdbcTemplate.java:627)
	at org.springframework.jdbc.core.JdbcTemplate.execute(JdbcTemplate.java:662)
	at com.personalweb.website.dao.CheckUserDAOImpl.getUser(CheckUserDAOImpl.java:26)
	at com.personalweb.website.dao.CheckUserDAOImpl$$FastClassBySpringCGLIB$$8117db35.invoke(<generated>)
	at org.springframework.cglib.proxy.MethodProxy.invoke(MethodProxy.java:204)
	at org.springframework.aop.framework.CglibAopProxy$CglibMethodInvocation.invokeJoinpoint(CglibAopProxy.java:720)
	at org.springframework.aop.framework.ReflectiveMethodInvocation.proceed(ReflectiveMethodInvocation.java:157)
	at org.springframework.dao.support.PersistenceExceptionTranslationInterceptor.invoke(PersistenceExceptionTranslationInterceptor.java:136)
	at org.springframework.aop.framework.ReflectiveMethodInvocation.proceed(ReflectiveMethodInvocation.java:179)
	at org.springframework.aop.framework.CglibAopProxy$DynamicAdvisedInterceptor.intercept(CglibAopProxy.java:655)
	at com.personalweb.website.dao.CheckUserDAOImpl$$EnhancerBySpringCGLIB$$b5d9de8c.getUser(<generated>)
	at com.personalweb.website.service.LoginService.getUser(LoginService.java:22)
	at com.personalweb.website.PersonalwebApplicationTests.loginWithWrongUser(PersonalwebApplicationTests.java:65)

getPeopleCount(com.personalweb.website.PersonalwebApplicationTests)  Time elapsed: 0.016 sec  <<< ERROR!
org.springframework.jdbc.UncategorizedSQLException: PreparedStatementCallback; uncategorized SQLException for SQL [select count(*) as total from web.user]; SQL state [90079]; error code [90079]; Schema "WEB" not found; SQL statement:
select count(*) as total from web.user [90079-193]; nested exception is org.h2.jdbc.JdbcSQLException: Schema "WEB" not found; SQL statement:
select count(*) as total from web.user [90079-193]
	at org.h2.message.DbException.getJdbcSQLException(DbException.java:345)
	at org.h2.message.DbException.get(DbException.java:179)
	at org.h2.message.DbException.get(DbException.java:155)
	at org.h2.command.Parser.getSchema(Parser.java:679)
	at org.h2.command.Parser.getSchema(Parser.java:685)
	at org.h2.command.Parser.readTableFilter(Parser.java:1215)
	at org.h2.command.Parser.parseSelectSimpleFromPart(Parser.java:1897)
	at org.h2.command.Parser.parseSelectSimple(Parser.java:2045)
	at org.h2.command.Parser.parseSelectSub(Parser.java:1891)
	at org.h2.command.Parser.parseSelectUnion(Parser.java:1709)
	at org.h2.command.Parser.parseSelect(Parser.java:1697)
	at org.h2.command.Parser.parsePrepared(Parser.java:445)
	at org.h2.command.Parser.parse(Parser.java:317)
	at org.h2.command.Parser.parse(Parser.java:289)
	at org.h2.command.Parser.prepareCommand(Parser.java:254)
	at org.h2.engine.Session.prepareLocal(Session.java:561)
	at org.h2.engine.Session.prepareCommand(Session.java:502)
	at org.h2.jdbc.JdbcConnection.prepareCommand(JdbcConnection.java:1203)
	at org.h2.jdbc.JdbcPreparedStatement.<init>(JdbcPreparedStatement.java:73)
	at org.h2.jdbc.JdbcConnection.prepareStatement(JdbcConnection.java:287)
	at org.springframework.jdbc.core.JdbcTemplate$SimplePreparedStatementCreator.createPreparedStatement(JdbcTemplate.java:1521)
	at org.springframework.jdbc.core.JdbcTemplate.execute(JdbcTemplate.java:627)
	at org.springframework.jdbc.core.JdbcTemplate.execute(JdbcTemplate.java:662)
	at com.personalweb.website.dao.InfoDAOImpl.getPeopleCount(InfoDAOImpl.java:28)
	at com.personalweb.website.dao.InfoDAOImpl$$FastClassBySpringCGLIB$$1fe313ae.invoke(<generated>)
	at org.springframework.cglib.proxy.MethodProxy.invoke(MethodProxy.java:204)
	at org.springframework.aop.framework.CglibAopProxy$CglibMethodInvocation.invokeJoinpoint(CglibAopProxy.java:720)
	at org.springframework.aop.framework.ReflectiveMethodInvocation.proceed(ReflectiveMethodInvocation.java:157)
	at org.springframework.dao.support.PersistenceExceptionTranslationInterceptor.invoke(PersistenceExceptionTranslationInterceptor.java:136)
	at org.springframework.aop.framework.ReflectiveMethodInvocation.proceed(ReflectiveMethodInvocation.java:179)
	at org.springframework.aop.framework.CglibAopProxy$DynamicAdvisedInterceptor.intercept(CglibAopProxy.java:655)
	at com.personalweb.website.dao.InfoDAOImpl$$EnhancerBySpringCGLIB$$f3821b97.getPeopleCount(<generated>)
	at com.personalweb.website.service.InfoService.getPeopleCount(InfoService.java:19)
	at com.personalweb.website.PersonalwebApplicationTests.getPeopleCount(PersonalwebApplicationTests.java:47)

adminLoginTest(com.personalweb.website.PersonalwebApplicationTests)  Time elapsed: 0.066 sec  <<< ERROR!
org.springframework.jdbc.UncategorizedSQLException: PreparedStatementCallback; uncategorized SQLException for SQL [SELECT * FROM WEB.USER WHERE EMAIL = ? AND PASSWORD = ?]; SQL state [90079]; error code [90079]; Schema "WEB" not found; SQL statement:
SELECT * FROM WEB.USER WHERE EMAIL = ? AND PASSWORD = ? [90079-193]; nested exception is org.h2.jdbc.JdbcSQLException: Schema "WEB" not found; SQL statement:
SELECT * FROM WEB.USER WHERE EMAIL = ? AND PASSWORD = ? [90079-193]
	at org.h2.message.DbException.getJdbcSQLException(DbException.java:345)
	at org.h2.message.DbException.get(DbException.java:179)
	at org.h2.message.DbException.get(DbException.java:155)
	at org.h2.command.Parser.getSchema(Parser.java:679)
	at org.h2.command.Parser.getSchema(Parser.java:685)
	at org.h2.command.Parser.readTableFilter(Parser.java:1215)
	at org.h2.command.Parser.parseSelectSimpleFromPart(Parser.java:1897)
	at org.h2.command.Parser.parseSelectSimple(Parser.java:2045)
	at org.h2.command.Parser.parseSelectSub(Parser.java:1891)
	at org.h2.command.Parser.parseSelectUnion(Parser.java:1709)
	at org.h2.command.Parser.parseSelect(Parser.java:1697)
	at org.h2.command.Parser.parsePrepared(Parser.java:445)
	at org.h2.command.Parser.parse(Parser.java:317)
	at org.h2.command.Parser.parse(Parser.java:289)
	at org.h2.command.Parser.prepareCommand(Parser.java:254)
	at org.h2.engine.Session.prepareLocal(Session.java:561)
	at org.h2.engine.Session.prepareCommand(Session.java:502)
	at org.h2.jdbc.JdbcConnection.prepareCommand(JdbcConnection.java:1203)
	at org.h2.jdbc.JdbcPreparedStatement.<init>(JdbcPreparedStatement.java:73)
	at org.h2.jdbc.JdbcConnection.prepareStatement(JdbcConnection.java:287)
	at org.springframework.jdbc.core.JdbcTemplate$SimplePreparedStatementCreator.createPreparedStatement(JdbcTemplate.java:1521)
	at org.springframework.jdbc.core.JdbcTemplate.execute(JdbcTemplate.java:627)
	at org.springframework.jdbc.core.JdbcTemplate.execute(JdbcTemplate.java:662)
	at com.personalweb.website.dao.CheckUserDAOImpl.getUser(CheckUserDAOImpl.java:26)
	at com.personalweb.website.dao.CheckUserDAOImpl$$FastClassBySpringCGLIB$$8117db35.invoke(<generated>)
	at org.springframework.cglib.proxy.MethodProxy.invoke(MethodProxy.java:204)
	at org.springframework.aop.framework.CglibAopProxy$CglibMethodInvocation.invokeJoinpoint(CglibAopProxy.java:720)
	at org.springframework.aop.framework.ReflectiveMethodInvocation.proceed(ReflectiveMethodInvocation.java:157)
	at org.springframework.dao.support.PersistenceExceptionTranslationInterceptor.invoke(PersistenceExceptionTranslationInterceptor.java:136)
	at org.springframework.aop.framework.ReflectiveMethodInvocation.proceed(ReflectiveMethodInvocation.java:179)
	at org.springframework.aop.framework.CglibAopProxy$DynamicAdvisedInterceptor.intercept(CglibAopProxy.java:655)
	at com.personalweb.website.dao.CheckUserDAOImpl$$EnhancerBySpringCGLIB$$b5d9de8c.getUser(<generated>)
	at com.personalweb.website.service.LoginService.getUser(LoginService.java:22)
	at com.personalweb.website.PersonalwebApplicationTests.adminLoginTest(PersonalwebApplicationTests.java:52)

loginWhitNullUser(com.personalweb.website.PersonalwebApplicationTests)  Time elapsed: 0 sec  <<< ERROR!
org.springframework.jdbc.UncategorizedSQLException: PreparedStatementCallback; uncategorized SQLException for SQL [SELECT * FROM WEB.USER WHERE EMAIL = ? AND PASSWORD = ?]; SQL state [90079]; error code [90079]; Schema "WEB" not found; SQL statement:
SELECT * FROM WEB.USER WHERE EMAIL = ? AND PASSWORD = ? [90079-193]; nested exception is org.h2.jdbc.JdbcSQLException: Schema "WEB" not found; SQL statement:
SELECT * FROM WEB.USER WHERE EMAIL = ? AND PASSWORD = ? [90079-193]
	at org.h2.message.DbException.getJdbcSQLException(DbException.java:345)
	at org.h2.message.DbException.get(DbException.java:179)
	at org.h2.message.DbException.get(DbException.java:155)
	at org.h2.command.Parser.getSchema(Parser.java:679)
	at org.h2.command.Parser.getSchema(Parser.java:685)
	at org.h2.command.Parser.readTableFilter(Parser.java:1215)
	at org.h2.command.Parser.parseSelectSimpleFromPart(Parser.java:1897)
	at org.h2.command.Parser.parseSelectSimple(Parser.java:2045)
	at org.h2.command.Parser.parseSelectSub(Parser.java:1891)
	at org.h2.command.Parser.parseSelectUnion(Parser.java:1709)
	at org.h2.command.Parser.parseSelect(Parser.java:1697)
	at org.h2.command.Parser.parsePrepared(Parser.java:445)
	at org.h2.command.Parser.parse(Parser.java:317)
	at org.h2.command.Parser.parse(Parser.java:289)
	at org.h2.command.Parser.prepareCommand(Parser.java:254)
	at org.h2.engine.Session.prepareLocal(Session.java:561)
	at org.h2.engine.Session.prepareCommand(Session.java:502)
	at org.h2.jdbc.JdbcConnection.prepareCommand(JdbcConnection.java:1203)
	at org.h2.jdbc.JdbcPreparedStatement.<init>(JdbcPreparedStatement.java:73)
	at org.h2.jdbc.JdbcConnection.prepareStatement(JdbcConnection.java:287)
	at org.springframework.jdbc.core.JdbcTemplate$SimplePreparedStatementCreator.createPreparedStatement(JdbcTemplate.java:1521)
	at org.springframework.jdbc.core.JdbcTemplate.execute(JdbcTemplate.java:627)
	at org.springframework.jdbc.core.JdbcTemplate.execute(JdbcTemplate.java:662)
	at com.personalweb.website.dao.CheckUserDAOImpl.getUser(CheckUserDAOImpl.java:26)
	at com.personalweb.website.dao.CheckUserDAOImpl$$FastClassBySpringCGLIB$$8117db35.invoke(<generated>)
	at org.springframework.cglib.proxy.MethodProxy.invoke(MethodProxy.java:204)
	at org.springframework.aop.framework.CglibAopProxy$CglibMethodInvocation.invokeJoinpoint(CglibAopProxy.java:720)
	at org.springframework.aop.framework.ReflectiveMethodInvocation.proceed(ReflectiveMethodInvocation.java:157)
	at org.springframework.dao.support.PersistenceExceptionTranslationInterceptor.invoke(PersistenceExceptionTranslationInterceptor.java:136)
	at org.springframework.aop.framework.ReflectiveMethodInvocation.proceed(ReflectiveMethodInvocation.java:179)
	at org.springframework.aop.framework.CglibAopProxy$DynamicAdvisedInterceptor.intercept(CglibAopProxy.java:655)
	at com.personalweb.website.dao.CheckUserDAOImpl$$EnhancerBySpringCGLIB$$b5d9de8c.getUser(<generated>)
	at com.personalweb.website.service.LoginService.getUser(LoginService.java:22)
	at com.personalweb.website.PersonalwebApplicationTests.loginWhitNullUser(PersonalwebApplicationTests.java:57)

